TRADE LOG STARTED
------------------------------

TRADE 1: LONG
Entry: 90506.5 @ 29/11/25 10:02:00
Exit : 90543.0 @ 29/11/25 10:03:00
PnL Maker: 0.040329% x150 = 6.049289% - fees(0.0400%) = 6.009289%
PnL Taker: 0.040329% x150 = 6.049289% - fees(0.1200%) = 5.929289%
MDD (trade): -0.040329%
TOTAL Maker: 6.009289%
TOTAL Taker: 5.929289%
------------------------------------------------------------
TRADE 1: LONG
Entry: 90506.5 @ 29/11/25 10:02:00
Exit : 90543.0 @ 29/11/25 10:03:00
PnL Maker: 0.040329% x150 = 6.049289% - fees(6.0000%) = 0.049289%
PnL Taker: 0.040329% x150 = 6.049289% - fees(18.0000%) = -11.950711%
MDD (trade): -0.040329%
TOTAL Maker: 0.049289%
TOTAL Taker: -11.950711%
------------------------------------------------------------
TRADE 2: SHORT
Entry: 90543.0 @ 29/11/25 10:03:00
Exit : 90532.2 @ 29/11/25 10:04:00
PnL Maker: 0.011928% x150 = 1.789205% - fees(6.0000%) = -4.210795%
PnL Taker: 0.011928% x150 = 1.789205% - fees(18.0000%) = -16.210795%
MDD (trade): -0.011928%
TOTAL Maker: -4.161506%
TOTAL Taker: -28.161506%
------------------------------------------------------------
TRADE 2: SHORT
Entry: 90543.0 @ 29/11/25 10:03:00
Exit : 90532.2 @ 29/11/25 10:04:00
PnL Maker: 0.011928% x150 = 1.789205% - fees(0.0400%) = 1.749205%
PnL Taker: 0.011928% x150 = 1.789205% - fees(0.1200%) = 1.669205%
MDD (trade): -0.011928%
TOTAL Maker: 7.758494%
TOTAL Taker: 7.598494%
------------------------------------------------------------
