TRADE 1: LONG
Entry: 90541.0 @ 29/11/25 09:13:30
Exit : 90587.8 @ 29/11/25 09:17:00
PnL Maker: 7.713393%
PnL Taker: 7.633393%
Drawdown: -0.051689%
------------------------------

TRADE 2: SHORT
Entry: 90587.8 @ 29/11/25 09:17:00
Exit : 90519.9 @ 29/11/25 09:20:00
PnL Maker: 11.203236%
PnL Taker: 11.123236%
Drawdown: -0.074955%
------------------------------

TRADE 3: LONG
Entry: 90519.9 @ 29/11/25 09:20:00
Exit : 90534.0 @ 29/11/25 09:23:00
PnL Maker: 2.296503%
PnL Taker: 2.216503%
Drawdown: -0.015577%
------------------------------
